{"/Users/benhurmartins/Desktop/react-native/TestingLibrary/App.tsx": {"path":"/Users/benhurmartins/Desktop/react-native/TestingLibrary/App.tsx","statementMap":{"0":{"start":{"line":8,"column":12},"end":{"line":14,"column":1}},"1":{"start":{"line":9,"column":2},"end":{"line":13,"column":4}}},"fnMap":{"0":{"name":"(anonymous_0)","decl":{"start":{"line":8,"column":12},"end":{"line":8,"column":13}},"loc":{"start":{"line":8,"column":18},"end":{"line":14,"column":1}},"line":8}},"branchMap":{},"s":{"0":1,"1":1},"f":{"0":1},"b":{},"_coverageSchema":"1a1c01bbd47fc00a2c39e90264f33305004495a9","hash":"1ad7db6e50e50dffe6c390b702d33635930c4fb6"}
,"/Users/benhurmartins/Desktop/react-native/TestingLibrary/src/components/Button.tsx": {"path":"/Users/benhurmartins/Desktop/react-native/TestingLibrary/src/components/Button.tsx","statementMap":{"0":{"start":{"line":10,"column":41},"end":{"line":12,"column":1}},"1":{"start":{"line":11,"column":2},"end":{"line":11,"column":74}}},"fnMap":{"0":{"name":"(anonymous_0)","decl":{"start":{"line":10,"column":41},"end":{"line":10,"column":42}},"loc":{"start":{"line":10,"column":71},"end":{"line":12,"column":1}},"line":10}},"branchMap":{"0":{"loc":{"start":{"line":11,"column":57},"end":{"line":11,"column":69}},"type":"binary-expr","locations":[{"start":{"line":11,"column":57},"end":{"line":11,"column":63}},{"start":{"line":11,"column":67},"end":{"line":11,"column":69}}],"line":11}},"s":{"0":6,"1":29},"f":{"0":29},"b":{"0":[29,1]},"_coverageSchema":"1a1c01bbd47fc00a2c39e90264f33305004495a9","hash":"57a446a3b06f9c863a46f46e761c3cf7b13e59b5"}
,"/Users/benhurmartins/Desktop/react-native/TestingLibrary/src/components/Pressable.tsx": {"path":"/Users/benhurmartins/Desktop/react-native/TestingLibrary/src/components/Pressable.tsx","statementMap":{"0":{"start":{"line":10,"column":47},"end":{"line":24,"column":1}},"1":{"start":{"line":11,"column":2},"end":{"line":23,"column":4}},"2":{"start":{"line":15,"column":28},"end":{"line":20,"column":7}},"3":{"start":{"line":26,"column":15},"end":{"line":39,"column":2}}},"fnMap":{"0":{"name":"(anonymous_0)","decl":{"start":{"line":10,"column":47},"end":{"line":10,"column":48}},"loc":{"start":{"line":10,"column":77},"end":{"line":24,"column":1}},"line":10},"1":{"name":"(anonymous_1)","decl":{"start":{"line":15,"column":13},"end":{"line":15,"column":14}},"loc":{"start":{"line":15,"column":28},"end":{"line":20,"column":7}},"line":15}},"branchMap":{"0":{"loc":{"start":{"line":14,"column":14},"end":{"line":14,"column":26}},"type":"binary-expr","locations":[{"start":{"line":14,"column":14},"end":{"line":14,"column":20}},{"start":{"line":14,"column":24},"end":{"line":14,"column":26}}],"line":14},"1":{"loc":{"start":{"line":17,"column":27},"end":{"line":17,"column":79}},"type":"cond-expr","locations":[{"start":{"line":17,"column":37},"end":{"line":17,"column":57}},{"start":{"line":17,"column":60},"end":{"line":17,"column":79}}],"line":17}},"s":{"0":6,"1":18,"2":18,"3":6},"f":{"0":18,"1":18},"b":{"0":[18,1],"1":[0,18]},"_coverageSchema":"1a1c01bbd47fc00a2c39e90264f33305004495a9","hash":"034f4319c0fc4f9daa0e400d70885a28eaf06181"}
,"/Users/benhurmartins/Desktop/react-native/TestingLibrary/src/components/TextTitle.tsx": {"path":"/Users/benhurmartins/Desktop/react-native/TestingLibrary/src/components/TextTitle.tsx","statementMap":{"0":{"start":{"line":8,"column":33},"end":{"line":14,"column":1}},"1":{"start":{"line":9,"column":2},"end":{"line":13,"column":4}},"2":{"start":{"line":16,"column":15},"end":{"line":22,"column":2}}},"fnMap":{"0":{"name":"(anonymous_0)","decl":{"start":{"line":8,"column":33},"end":{"line":8,"column":34}},"loc":{"start":{"line":8,"column":57},"end":{"line":14,"column":1}},"line":8}},"branchMap":{"0":{"loc":{"start":{"line":10,"column":39},"end":{"line":10,"column":51}},"type":"binary-expr","locations":[{"start":{"line":10,"column":39},"end":{"line":10,"column":45}},{"start":{"line":10,"column":49},"end":{"line":10,"column":51}}],"line":10}},"s":{"0":5,"1":45,"2":5},"f":{"0":45},"b":{"0":[45,30]},"_coverageSchema":"1a1c01bbd47fc00a2c39e90264f33305004495a9","hash":"a1e3720a60698d21af4be3b8ee50f370bd3e78bf"}
,"/Users/benhurmartins/Desktop/react-native/TestingLibrary/src/components/index.ts": {"path":"/Users/benhurmartins/Desktop/react-native/TestingLibrary/src/components/index.ts","statementMap":{},"fnMap":{},"branchMap":{},"s":{},"f":{},"b":{},"_coverageSchema":"1a1c01bbd47fc00a2c39e90264f33305004495a9","hash":"2ec6950cfb68784300bbaef519e13bba8f74491a"}
,"/Users/benhurmartins/Desktop/react-native/TestingLibrary/src/redux/Numbers/Numbers.reducer.ts": {"path":"/Users/benhurmartins/Desktop/react-native/TestingLibrary/src/redux/Numbers/Numbers.reducer.ts","statementMap":{"0":{"start":{"line":10,"column":42},"end":{"line":14,"column":1}},"1":{"start":{"line":16,"column":22},"end":{"line":34,"column":2}},"2":{"start":{"line":21,"column":6},"end":{"line":21,"column":23}},"3":{"start":{"line":24,"column":6},"end":{"line":24,"column":23}},"4":{"start":{"line":27,"column":6},"end":{"line":27,"column":37}},"5":{"start":{"line":30,"column":6},"end":{"line":30,"column":38}},"6":{"start":{"line":31,"column":6},"end":{"line":31,"column":37}},"7":{"start":{"line":41,"column":4},"end":{"line":41,"column":25}}},"fnMap":{"0":{"name":"(anonymous_0)","decl":{"start":{"line":20,"column":22},"end":{"line":20,"column":23}},"loc":{"start":{"line":20,"column":31},"end":{"line":22,"column":5}},"line":20},"1":{"name":"(anonymous_1)","decl":{"start":{"line":23,"column":22},"end":{"line":23,"column":23}},"loc":{"start":{"line":23,"column":31},"end":{"line":25,"column":5}},"line":23},"2":{"name":"(anonymous_2)","decl":{"start":{"line":26,"column":26},"end":{"line":26,"column":27}},"loc":{"start":{"line":26,"column":35},"end":{"line":28,"column":5}},"line":26},"3":{"name":"(anonymous_3)","decl":{"start":{"line":29,"column":30},"end":{"line":29,"column":31}},"loc":{"start":{"line":29,"column":49},"end":{"line":32,"column":5}},"line":29}},"branchMap":{},"s":{"0":9,"1":9,"2":4,"3":2,"4":3,"5":3,"6":3,"7":9},"f":{"0":4,"1":2,"2":3,"3":3},"b":{},"_coverageSchema":"1a1c01bbd47fc00a2c39e90264f33305004495a9","hash":"508d72dd0d0a69e72086481b8e3c05ed6cade999"}
,"/Users/benhurmartins/Desktop/react-native/TestingLibrary/src/redux/Numbers/Numbers.saga.ts": {"path":"/Users/benhurmartins/Desktop/react-native/TestingLibrary/src/redux/Numbers/Numbers.saga.ts","statementMap":{"0":{"start":{"line":12,"column":29},"end":{"line":12,"column":65}},"1":{"start":{"line":13,"column":28},"end":{"line":13,"column":53}},"2":{"start":{"line":14,"column":2},"end":{"line":26,"column":3}},"3":{"start":{"line":15,"column":32},"end":{"line":18,"column":5}},"4":{"start":{"line":19,"column":29},"end":{"line":22,"column":5}},"5":{"start":{"line":23,"column":4},"end":{"line":23,"column":49}},"6":{"start":{"line":25,"column":4},"end":{"line":25,"column":23}},"7":{"start":{"line":30,"column":2},"end":{"line":30,"column":61}}},"fnMap":{"0":{"name":"getPokemonSaga","decl":{"start":{"line":11,"column":10},"end":{"line":11,"column":24}},"loc":{"start":{"line":11,"column":63},"end":{"line":27,"column":1}},"line":11},"1":{"name":"numbersRootSaga","decl":{"start":{"line":29,"column":17},"end":{"line":29,"column":32}},"loc":{"start":{"line":29,"column":35},"end":{"line":31,"column":1}},"line":29}},"branchMap":{},"s":{"0":2,"1":2,"2":2,"3":2,"4":2,"5":2,"6":0,"7":8},"f":{"0":2,"1":8},"b":{},"_coverageSchema":"1a1c01bbd47fc00a2c39e90264f33305004495a9","hash":"84120ccf21e9ee8d68ae2ee64dc03109e03ba335"}
,"/Users/benhurmartins/Desktop/react-native/TestingLibrary/src/redux/Numbers/Numbers.selectors.ts": {"path":"/Users/benhurmartins/Desktop/react-native/TestingLibrary/src/redux/Numbers/Numbers.selectors.ts","statementMap":{"0":{"start":{"line":3,"column":27},"end":{"line":3,"column":67}},"1":{"start":{"line":3,"column":49},"end":{"line":3,"column":67}},"2":{"start":{"line":4,"column":29},"end":{"line":4,"column":71}},"3":{"start":{"line":4,"column":51},"end":{"line":4,"column":71}}},"fnMap":{"0":{"name":"(anonymous_0)","decl":{"start":{"line":3,"column":27},"end":{"line":3,"column":28}},"loc":{"start":{"line":3,"column":49},"end":{"line":3,"column":67}},"line":3},"1":{"name":"(anonymous_1)","decl":{"start":{"line":4,"column":29},"end":{"line":4,"column":30}},"loc":{"start":{"line":4,"column":51},"end":{"line":4,"column":71}},"line":4}},"branchMap":{},"s":{"0":8,"1":14,"2":8,"3":14},"f":{"0":14,"1":14},"b":{},"_coverageSchema":"1a1c01bbd47fc00a2c39e90264f33305004495a9","hash":"5adba20bc86ee9eb9e1dedd2b2665dc993f54df5"}
,"/Users/benhurmartins/Desktop/react-native/TestingLibrary/src/routes/AppNavigator.tsx": {"path":"/Users/benhurmartins/Desktop/react-native/TestingLibrary/src/routes/AppNavigator.tsx","statementMap":{"0":{"start":{"line":9,"column":21},"end":{"line":23,"column":1}},"1":{"start":{"line":10,"column":16},"end":{"line":10,"column":38}},"2":{"start":{"line":11,"column":2},"end":{"line":22,"column":4}}},"fnMap":{"0":{"name":"(anonymous_0)","decl":{"start":{"line":9,"column":21},"end":{"line":9,"column":22}},"loc":{"start":{"line":9,"column":27},"end":{"line":23,"column":1}},"line":9}},"branchMap":{},"s":{"0":2,"1":3,"2":3},"f":{"0":3},"b":{},"_coverageSchema":"1a1c01bbd47fc00a2c39e90264f33305004495a9","hash":"3463c7b7dc365b5dc87f72e1d3fed12116197a9e"}
,"/Users/benhurmartins/Desktop/react-native/TestingLibrary/src/screens/Detail/Detail.selector.ts": {"path":"/Users/benhurmartins/Desktop/react-native/TestingLibrary/src/screens/Detail/Detail.selector.ts","statementMap":{"0":{"start":{"line":13,"column":29},"end":{"line":18,"column":2}}},"fnMap":{},"branchMap":{},"s":{"0":3},"f":{},"b":{},"_coverageSchema":"1a1c01bbd47fc00a2c39e90264f33305004495a9","hash":"f1cf9ce42c27a375eca0b4d1d5869a61fbc97a69"}
,"/Users/benhurmartins/Desktop/react-native/TestingLibrary/src/screens/Detail/Detail.tsx": {"path":"/Users/benhurmartins/Desktop/react-native/TestingLibrary/src/screens/Detail/Detail.tsx","statementMap":{"0":{"start":{"line":11,"column":17},"end":{"line":30,"column":1}},"1":{"start":{"line":12,"column":19},"end":{"line":12,"column":32}},"2":{"start":{"line":13,"column":27},"end":{"line":13,"column":60}},"3":{"start":{"line":14,"column":31},"end":{"line":14,"column":69}},"4":{"start":{"line":14,"column":37},"end":{"line":14,"column":69}},"5":{"start":{"line":16,"column":2},"end":{"line":29,"column":4}},"6":{"start":{"line":32,"column":15},"end":{"line":48,"column":2}}},"fnMap":{"0":{"name":"(anonymous_0)","decl":{"start":{"line":11,"column":17},"end":{"line":11,"column":18}},"loc":{"start":{"line":11,"column":23},"end":{"line":30,"column":1}},"line":11},"1":{"name":"(anonymous_1)","decl":{"start":{"line":14,"column":31},"end":{"line":14,"column":32}},"loc":{"start":{"line":14,"column":37},"end":{"line":14,"column":69}},"line":14}},"branchMap":{},"s":{"0":3,"1":2,"2":2,"3":2,"4":0,"5":2,"6":3},"f":{"0":2,"1":0},"b":{},"_coverageSchema":"1a1c01bbd47fc00a2c39e90264f33305004495a9","hash":"331c43fa2e12be0a6cf96e708223a68756a33b51"}
,"/Users/benhurmartins/Desktop/react-native/TestingLibrary/src/screens/Home/Home.selector.ts": {"path":"/Users/benhurmartins/Desktop/react-native/TestingLibrary/src/screens/Home/Home.selector.ts","statementMap":{"0":{"start":{"line":14,"column":27},"end":{"line":17,"column":2}}},"fnMap":{},"branchMap":{},"s":{"0":3},"f":{},"b":{},"_coverageSchema":"1a1c01bbd47fc00a2c39e90264f33305004495a9","hash":"276952a7e79cfed4204f3cf5e606369b12830d91"}
,"/Users/benhurmartins/Desktop/react-native/TestingLibrary/src/screens/Home/Home.tsx": {"path":"/Users/benhurmartins/Desktop/react-native/TestingLibrary/src/screens/Home/Home.tsx","statementMap":{"0":{"start":{"line":20,"column":17},"end":{"line":74,"column":1}},"1":{"start":{"line":21,"column":19},"end":{"line":21,"column":32}},"2":{"start":{"line":22,"column":21},"end":{"line":22,"column":57}},"3":{"start":{"line":23,"column":25},"end":{"line":23,"column":56}},"4":{"start":{"line":24,"column":28},"end":{"line":24,"column":62}},"5":{"start":{"line":24,"column":34},"end":{"line":24,"column":62}},"6":{"start":{"line":25,"column":28},"end":{"line":25,"column":62}},"7":{"start":{"line":25,"column":34},"end":{"line":25,"column":62}},"8":{"start":{"line":26,"column":31},"end":{"line":26,"column":69}},"9":{"start":{"line":26,"column":37},"end":{"line":26,"column":69}},"10":{"start":{"line":28,"column":2},"end":{"line":73,"column":4}},"11":{"start":{"line":38,"column":25},"end":{"line":38,"column":44}},"12":{"start":{"line":43,"column":25},"end":{"line":43,"column":44}},"13":{"start":{"line":61,"column":25},"end":{"line":61,"column":47}},"14":{"start":{"line":68,"column":25},"end":{"line":68,"column":54}},"15":{"start":{"line":76,"column":15},"end":{"line":103,"column":2}}},"fnMap":{"0":{"name":"(anonymous_0)","decl":{"start":{"line":20,"column":17},"end":{"line":20,"column":18}},"loc":{"start":{"line":20,"column":23},"end":{"line":74,"column":1}},"line":20},"1":{"name":"(anonymous_1)","decl":{"start":{"line":24,"column":28},"end":{"line":24,"column":29}},"loc":{"start":{"line":24,"column":34},"end":{"line":24,"column":62}},"line":24},"2":{"name":"(anonymous_2)","decl":{"start":{"line":25,"column":28},"end":{"line":25,"column":29}},"loc":{"start":{"line":25,"column":34},"end":{"line":25,"column":62}},"line":25},"3":{"name":"(anonymous_3)","decl":{"start":{"line":26,"column":31},"end":{"line":26,"column":32}},"loc":{"start":{"line":26,"column":37},"end":{"line":26,"column":69}},"line":26},"4":{"name":"(anonymous_4)","decl":{"start":{"line":38,"column":19},"end":{"line":38,"column":20}},"loc":{"start":{"line":38,"column":25},"end":{"line":38,"column":44}},"line":38},"5":{"name":"(anonymous_5)","decl":{"start":{"line":43,"column":19},"end":{"line":43,"column":20}},"loc":{"start":{"line":43,"column":25},"end":{"line":43,"column":44}},"line":43},"6":{"name":"(anonymous_6)","decl":{"start":{"line":61,"column":19},"end":{"line":61,"column":20}},"loc":{"start":{"line":61,"column":25},"end":{"line":61,"column":47}},"line":61},"7":{"name":"(anonymous_7)","decl":{"start":{"line":68,"column":19},"end":{"line":68,"column":20}},"loc":{"start":{"line":68,"column":25},"end":{"line":68,"column":54}},"line":68}},"branchMap":{"0":{"loc":{"start":{"line":65,"column":7},"end":{"line":71,"column":14}},"type":"cond-expr","locations":[{"start":{"line":66,"column":8},"end":{"line":70,"column":10}},{"start":{"line":71,"column":10},"end":{"line":71,"column":14}}],"line":65}},"s":{"0":3,"1":13,"2":13,"3":13,"4":13,"5":3,"6":13,"7":1,"8":13,"9":2,"10":13,"11":1,"12":3,"13":2,"14":1,"15":3},"f":{"0":13,"1":3,"2":1,"3":2,"4":1,"5":3,"6":2,"7":1},"b":{"0":[2,11]},"_coverageSchema":"1a1c01bbd47fc00a2c39e90264f33305004495a9","hash":"216dbda1243161816deed02751e7e1d19991fe57"}
,"/Users/benhurmartins/Desktop/react-native/TestingLibrary/src/store/index.ts": {"path":"/Users/benhurmartins/Desktop/react-native/TestingLibrary/src/store/index.ts","statementMap":{"0":{"start":{"line":11,"column":17},"end":{"line":13,"column":2}},"1":{"start":{"line":15,"column":17},"end":{"line":17,"column":1}},"2":{"start":{"line":16,"column":2},"end":{"line":16,"column":37}},"3":{"start":{"line":19,"column":23},"end":{"line":19,"column":45}},"4":{"start":{"line":20,"column":21},"end":{"line":26,"column":2}},"5":{"start":{"line":23,"column":35},"end":{"line":23,"column":57}},"6":{"start":{"line":24,"column":4},"end":{"line":24,"column":63}},"7":{"start":{"line":28,"column":0},"end":{"line":28,"column":29}}},"fnMap":{"0":{"name":"rootSaga","decl":{"start":{"line":15,"column":27},"end":{"line":15,"column":35}},"loc":{"start":{"line":15,"column":38},"end":{"line":17,"column":1}},"line":15},"1":{"name":"(anonymous_1)","decl":{"start":{"line":22,"column":14},"end":{"line":22,"column":15}},"loc":{"start":{"line":22,"column":38},"end":{"line":25,"column":3}},"line":22}},"branchMap":{},"s":{"0":1,"1":1,"2":1,"3":1,"4":1,"5":1,"6":1,"7":1},"f":{"0":1,"1":1},"b":{},"_coverageSchema":"1a1c01bbd47fc00a2c39e90264f33305004495a9","hash":"f519562d06f873b681ac4453fef25fb64e6aa311"}
,"/Users/benhurmartins/Desktop/react-native/TestingLibrary/src/utils/test-utils.js": {"path":"/Users/benhurmartins/Desktop/react-native/TestingLibrary/src/utils/test-utils.js","statementMap":{"0":{"start":{"line":15,"column":17},"end":{"line":17,"column":2}},"1":{"start":{"line":19,"column":17},"end":{"line":21,"column":1}},"2":{"start":{"line":20,"column":2},"end":{"line":20,"column":37}},"3":{"start":{"line":23,"column":23},"end":{"line":23,"column":45}},"4":{"start":{"line":24,"column":28},"end":{"line":30,"column":2}},"5":{"start":{"line":27,"column":35},"end":{"line":27,"column":57}},"6":{"start":{"line":28,"column":4},"end":{"line":28,"column":63}},"7":{"start":{"line":32,"column":0},"end":{"line":32,"column":29}},"8":{"start":{"line":37,"column":4},"end":{"line":37,"column":57}},"9":{"start":{"line":39,"column":2},"end":{"line":39,"column":61}}},"fnMap":{"0":{"name":"rootSaga","decl":{"start":{"line":19,"column":27},"end":{"line":19,"column":35}},"loc":{"start":{"line":19,"column":38},"end":{"line":21,"column":1}},"line":19},"1":{"name":"(anonymous_1)","decl":{"start":{"line":26,"column":14},"end":{"line":26,"column":15}},"loc":{"start":{"line":26,"column":38},"end":{"line":29,"column":3}},"line":26},"2":{"name":"render","decl":{"start":{"line":35,"column":9},"end":{"line":35,"column":15}},"loc":{"start":{"line":35,"column":64},"end":{"line":40,"column":1}},"line":35},"3":{"name":"Wrapper","decl":{"start":{"line":36,"column":11},"end":{"line":36,"column":18}},"loc":{"start":{"line":36,"column":31},"end":{"line":38,"column":3}},"line":36}},"branchMap":{"0":{"loc":{"start":{"line":35,"column":20},"end":{"line":35,"column":62}},"type":"default-arg","locations":[{"start":{"line":35,"column":60},"end":{"line":35,"column":62}}],"line":35},"1":{"loc":{"start":{"line":35,"column":21},"end":{"line":35,"column":41}},"type":"default-arg","locations":[{"start":{"line":35,"column":29},"end":{"line":35,"column":41}}],"line":35}},"s":{"0":7,"1":7,"2":7,"3":7,"4":7,"5":7,"6":7,"7":7,"8":16,"9":16},"f":{"0":7,"1":7,"2":16,"3":16},"b":{"0":[16],"1":[16]},"_coverageSchema":"1a1c01bbd47fc00a2c39e90264f33305004495a9","hash":"a50193ab4f0b546fcea42c31ce99e191da27c8b0"}
}
