{"/Users/benhurmartins/Desktop/react-native/TestingLibrary/App.tsx": {"path":"/Users/benhurmartins/Desktop/react-native/TestingLibrary/App.tsx","statementMap":{"0":{"start":{"line":7,"column":12},"end":{"line":13,"column":1}},"1":{"start":{"line":8,"column":2},"end":{"line":12,"column":4}}},"fnMap":{"0":{"name":"(anonymous_0)","decl":{"start":{"line":7,"column":12},"end":{"line":7,"column":13}},"loc":{"start":{"line":7,"column":18},"end":{"line":13,"column":1}},"line":7}},"branchMap":{},"s":{"0":1,"1":1},"f":{"0":1},"b":{},"_coverageSchema":"1a1c01bbd47fc00a2c39e90264f33305004495a9","hash":"e1712161d5291b662f3532c0789e098fe3a82327"}
,"/Users/benhurmartins/Desktop/react-native/TestingLibrary/src/components/Button.tsx": {"path":"/Users/benhurmartins/Desktop/react-native/TestingLibrary/src/components/Button.tsx","statementMap":{"0":{"start":{"line":10,"column":41},"end":{"line":12,"column":1}},"1":{"start":{"line":11,"column":2},"end":{"line":11,"column":74}}},"fnMap":{"0":{"name":"(anonymous_0)","decl":{"start":{"line":10,"column":41},"end":{"line":10,"column":42}},"loc":{"start":{"line":10,"column":71},"end":{"line":12,"column":1}},"line":10}},"branchMap":{"0":{"loc":{"start":{"line":11,"column":57},"end":{"line":11,"column":69}},"type":"binary-expr","locations":[{"start":{"line":11,"column":57},"end":{"line":11,"column":63}},{"start":{"line":11,"column":67},"end":{"line":11,"column":69}}],"line":11}},"s":{"0":4,"1":21},"f":{"0":21},"b":{"0":[21,1]},"_coverageSchema":"1a1c01bbd47fc00a2c39e90264f33305004495a9","hash":"57a446a3b06f9c863a46f46e761c3cf7b13e59b5"}
,"/Users/benhurmartins/Desktop/react-native/TestingLibrary/src/components/Pressable.tsx": {"path":"/Users/benhurmartins/Desktop/react-native/TestingLibrary/src/components/Pressable.tsx","statementMap":{"0":{"start":{"line":10,"column":47},"end":{"line":24,"column":1}},"1":{"start":{"line":11,"column":2},"end":{"line":23,"column":4}},"2":{"start":{"line":15,"column":28},"end":{"line":20,"column":7}},"3":{"start":{"line":26,"column":15},"end":{"line":38,"column":2}}},"fnMap":{"0":{"name":"(anonymous_0)","decl":{"start":{"line":10,"column":47},"end":{"line":10,"column":48}},"loc":{"start":{"line":10,"column":77},"end":{"line":24,"column":1}},"line":10},"1":{"name":"(anonymous_1)","decl":{"start":{"line":15,"column":13},"end":{"line":15,"column":14}},"loc":{"start":{"line":15,"column":28},"end":{"line":20,"column":7}},"line":15}},"branchMap":{"0":{"loc":{"start":{"line":14,"column":14},"end":{"line":14,"column":26}},"type":"binary-expr","locations":[{"start":{"line":14,"column":14},"end":{"line":14,"column":20}},{"start":{"line":14,"column":24},"end":{"line":14,"column":26}}],"line":14},"1":{"loc":{"start":{"line":17,"column":27},"end":{"line":17,"column":79}},"type":"cond-expr","locations":[{"start":{"line":17,"column":37},"end":{"line":17,"column":57}},{"start":{"line":17,"column":60},"end":{"line":17,"column":79}}],"line":17}},"s":{"0":4,"1":12,"2":12,"3":4},"f":{"0":12,"1":12},"b":{"0":[12,1],"1":[0,12]},"_coverageSchema":"1a1c01bbd47fc00a2c39e90264f33305004495a9","hash":"ca35f1cb926f763457e772caa819865114b8e460"}
,"/Users/benhurmartins/Desktop/react-native/TestingLibrary/src/components/TextTitle.tsx": {"path":"/Users/benhurmartins/Desktop/react-native/TestingLibrary/src/components/TextTitle.tsx","statementMap":{"0":{"start":{"line":8,"column":33},"end":{"line":14,"column":1}},"1":{"start":{"line":9,"column":2},"end":{"line":13,"column":4}},"2":{"start":{"line":16,"column":15},"end":{"line":22,"column":2}}},"fnMap":{"0":{"name":"(anonymous_0)","decl":{"start":{"line":8,"column":33},"end":{"line":8,"column":34}},"loc":{"start":{"line":8,"column":57},"end":{"line":14,"column":1}},"line":8}},"branchMap":{"0":{"loc":{"start":{"line":10,"column":39},"end":{"line":10,"column":51}},"type":"binary-expr","locations":[{"start":{"line":10,"column":39},"end":{"line":10,"column":45}},{"start":{"line":10,"column":49},"end":{"line":10,"column":51}}],"line":10}},"s":{"0":3,"1":29,"2":3},"f":{"0":29},"b":{"0":[29,29]},"_coverageSchema":"1a1c01bbd47fc00a2c39e90264f33305004495a9","hash":"a1e3720a60698d21af4be3b8ee50f370bd3e78bf"}
,"/Users/benhurmartins/Desktop/react-native/TestingLibrary/src/components/index.ts": {"path":"/Users/benhurmartins/Desktop/react-native/TestingLibrary/src/components/index.ts","statementMap":{},"fnMap":{},"branchMap":{},"s":{},"f":{},"b":{},"_coverageSchema":"1a1c01bbd47fc00a2c39e90264f33305004495a9","hash":"2ec6950cfb68784300bbaef519e13bba8f74491a"}
,"/Users/benhurmartins/Desktop/react-native/TestingLibrary/src/redux/Numbers/Numbers.reducer.ts": {"path":"/Users/benhurmartins/Desktop/react-native/TestingLibrary/src/redux/Numbers/Numbers.reducer.ts","statementMap":{"0":{"start":{"line":10,"column":42},"end":{"line":14,"column":1}},"1":{"start":{"line":16,"column":22},"end":{"line":34,"column":2}},"2":{"start":{"line":21,"column":6},"end":{"line":21,"column":23}},"3":{"start":{"line":24,"column":6},"end":{"line":24,"column":23}},"4":{"start":{"line":27,"column":6},"end":{"line":27,"column":37}},"5":{"start":{"line":30,"column":6},"end":{"line":30,"column":38}},"6":{"start":{"line":31,"column":6},"end":{"line":31,"column":37}},"7":{"start":{"line":41,"column":4},"end":{"line":41,"column":25}}},"fnMap":{"0":{"name":"(anonymous_0)","decl":{"start":{"line":20,"column":22},"end":{"line":20,"column":23}},"loc":{"start":{"line":20,"column":31},"end":{"line":22,"column":5}},"line":20},"1":{"name":"(anonymous_1)","decl":{"start":{"line":23,"column":22},"end":{"line":23,"column":23}},"loc":{"start":{"line":23,"column":31},"end":{"line":25,"column":5}},"line":23},"2":{"name":"(anonymous_2)","decl":{"start":{"line":26,"column":26},"end":{"line":26,"column":27}},"loc":{"start":{"line":26,"column":35},"end":{"line":28,"column":5}},"line":26},"3":{"name":"(anonymous_3)","decl":{"start":{"line":29,"column":30},"end":{"line":29,"column":31}},"loc":{"start":{"line":29,"column":49},"end":{"line":32,"column":5}},"line":29}},"branchMap":{},"s":{"0":7,"1":7,"2":3,"3":2,"4":2,"5":2,"6":2,"7":7},"f":{"0":3,"1":2,"2":2,"3":2},"b":{},"_coverageSchema":"1a1c01bbd47fc00a2c39e90264f33305004495a9","hash":"508d72dd0d0a69e72086481b8e3c05ed6cade999"}
,"/Users/benhurmartins/Desktop/react-native/TestingLibrary/src/redux/Numbers/Numbers.saga.ts": {"path":"/Users/benhurmartins/Desktop/react-native/TestingLibrary/src/redux/Numbers/Numbers.saga.ts","statementMap":{"0":{"start":{"line":12,"column":29},"end":{"line":12,"column":65}},"1":{"start":{"line":13,"column":28},"end":{"line":13,"column":53}},"2":{"start":{"line":14,"column":2},"end":{"line":26,"column":3}},"3":{"start":{"line":15,"column":32},"end":{"line":18,"column":5}},"4":{"start":{"line":19,"column":29},"end":{"line":22,"column":5}},"5":{"start":{"line":23,"column":4},"end":{"line":23,"column":49}},"6":{"start":{"line":25,"column":4},"end":{"line":25,"column":23}},"7":{"start":{"line":30,"column":2},"end":{"line":30,"column":61}}},"fnMap":{"0":{"name":"getPokemonSaga","decl":{"start":{"line":11,"column":10},"end":{"line":11,"column":24}},"loc":{"start":{"line":11,"column":63},"end":{"line":27,"column":1}},"line":11},"1":{"name":"numbersRootSaga","decl":{"start":{"line":29,"column":17},"end":{"line":29,"column":32}},"loc":{"start":{"line":29,"column":35},"end":{"line":31,"column":1}},"line":29}},"branchMap":{},"s":{"0":1,"1":1,"2":1,"3":1,"4":1,"5":1,"6":0,"7":6},"f":{"0":1,"1":6},"b":{},"_coverageSchema":"1a1c01bbd47fc00a2c39e90264f33305004495a9","hash":"84120ccf21e9ee8d68ae2ee64dc03109e03ba335"}
,"/Users/benhurmartins/Desktop/react-native/TestingLibrary/src/redux/Numbers/Numbers.selectors.ts": {"path":"/Users/benhurmartins/Desktop/react-native/TestingLibrary/src/redux/Numbers/Numbers.selectors.ts","statementMap":{"0":{"start":{"line":3,"column":27},"end":{"line":3,"column":67}},"1":{"start":{"line":3,"column":49},"end":{"line":3,"column":67}},"2":{"start":{"line":4,"column":29},"end":{"line":4,"column":71}},"3":{"start":{"line":4,"column":51},"end":{"line":4,"column":71}}},"fnMap":{"0":{"name":"(anonymous_0)","decl":{"start":{"line":3,"column":27},"end":{"line":3,"column":28}},"loc":{"start":{"line":3,"column":49},"end":{"line":3,"column":67}},"line":3},"1":{"name":"(anonymous_1)","decl":{"start":{"line":4,"column":29},"end":{"line":4,"column":30}},"loc":{"start":{"line":4,"column":51},"end":{"line":4,"column":71}},"line":4}},"branchMap":{},"s":{"0":6,"1":9,"2":6,"3":8},"f":{"0":9,"1":8},"b":{},"_coverageSchema":"1a1c01bbd47fc00a2c39e90264f33305004495a9","hash":"5adba20bc86ee9eb9e1dedd2b2665dc993f54df5"}
,"/Users/benhurmartins/Desktop/react-native/TestingLibrary/src/screens/Home/Home.selector.ts": {"path":"/Users/benhurmartins/Desktop/react-native/TestingLibrary/src/screens/Home/Home.selector.ts","statementMap":{"0":{"start":{"line":14,"column":27},"end":{"line":17,"column":2}}},"fnMap":{},"branchMap":{},"s":{"0":2},"f":{},"b":{},"_coverageSchema":"1a1c01bbd47fc00a2c39e90264f33305004495a9","hash":"276952a7e79cfed4204f3cf5e606369b12830d91"}
,"/Users/benhurmartins/Desktop/react-native/TestingLibrary/src/screens/Home/Home.tsx": {"path":"/Users/benhurmartins/Desktop/react-native/TestingLibrary/src/screens/Home/Home.tsx","statementMap":{"0":{"start":{"line":15,"column":17},"end":{"line":59,"column":1}},"1":{"start":{"line":16,"column":19},"end":{"line":16,"column":32}},"2":{"start":{"line":17,"column":25},"end":{"line":17,"column":56}},"3":{"start":{"line":18,"column":28},"end":{"line":18,"column":62}},"4":{"start":{"line":18,"column":34},"end":{"line":18,"column":62}},"5":{"start":{"line":19,"column":28},"end":{"line":19,"column":62}},"6":{"start":{"line":19,"column":34},"end":{"line":19,"column":62}},"7":{"start":{"line":20,"column":31},"end":{"line":20,"column":69}},"8":{"start":{"line":20,"column":37},"end":{"line":20,"column":69}},"9":{"start":{"line":22,"column":2},"end":{"line":58,"column":4}},"10":{"start":{"line":30,"column":25},"end":{"line":30,"column":44}},"11":{"start":{"line":35,"column":25},"end":{"line":35,"column":44}},"12":{"start":{"line":53,"column":25},"end":{"line":53,"column":47}},"13":{"start":{"line":61,"column":15},"end":{"line":88,"column":2}}},"fnMap":{"0":{"name":"(anonymous_0)","decl":{"start":{"line":15,"column":17},"end":{"line":15,"column":18}},"loc":{"start":{"line":15,"column":23},"end":{"line":59,"column":1}},"line":15},"1":{"name":"(anonymous_1)","decl":{"start":{"line":18,"column":28},"end":{"line":18,"column":29}},"loc":{"start":{"line":18,"column":34},"end":{"line":18,"column":62}},"line":18},"2":{"name":"(anonymous_2)","decl":{"start":{"line":19,"column":28},"end":{"line":19,"column":29}},"loc":{"start":{"line":19,"column":34},"end":{"line":19,"column":62}},"line":19},"3":{"name":"(anonymous_3)","decl":{"start":{"line":20,"column":31},"end":{"line":20,"column":32}},"loc":{"start":{"line":20,"column":37},"end":{"line":20,"column":69}},"line":20},"4":{"name":"(anonymous_4)","decl":{"start":{"line":30,"column":19},"end":{"line":30,"column":20}},"loc":{"start":{"line":30,"column":25},"end":{"line":30,"column":44}},"line":30},"5":{"name":"(anonymous_5)","decl":{"start":{"line":35,"column":19},"end":{"line":35,"column":20}},"loc":{"start":{"line":35,"column":25},"end":{"line":35,"column":44}},"line":35},"6":{"name":"(anonymous_6)","decl":{"start":{"line":53,"column":19},"end":{"line":53,"column":20}},"loc":{"start":{"line":53,"column":25},"end":{"line":53,"column":47}},"line":53}},"branchMap":{},"s":{"0":2,"1":9,"2":9,"3":9,"4":2,"5":9,"6":1,"7":9,"8":1,"9":9,"10":1,"11":2,"12":1,"13":2},"f":{"0":9,"1":2,"2":1,"3":1,"4":1,"5":2,"6":1},"b":{},"_coverageSchema":"1a1c01bbd47fc00a2c39e90264f33305004495a9","hash":"b318524ddd7492cd2b766c93f62eca901422e60e"}
,"/Users/benhurmartins/Desktop/react-native/TestingLibrary/src/store/index.ts": {"path":"/Users/benhurmartins/Desktop/react-native/TestingLibrary/src/store/index.ts","statementMap":{"0":{"start":{"line":11,"column":17},"end":{"line":13,"column":2}},"1":{"start":{"line":15,"column":17},"end":{"line":17,"column":1}},"2":{"start":{"line":16,"column":2},"end":{"line":16,"column":37}},"3":{"start":{"line":19,"column":23},"end":{"line":19,"column":45}},"4":{"start":{"line":20,"column":21},"end":{"line":26,"column":2}},"5":{"start":{"line":23,"column":35},"end":{"line":23,"column":57}},"6":{"start":{"line":24,"column":4},"end":{"line":24,"column":63}},"7":{"start":{"line":28,"column":0},"end":{"line":28,"column":29}}},"fnMap":{"0":{"name":"rootSaga","decl":{"start":{"line":15,"column":27},"end":{"line":15,"column":35}},"loc":{"start":{"line":15,"column":38},"end":{"line":17,"column":1}},"line":15},"1":{"name":"(anonymous_1)","decl":{"start":{"line":22,"column":14},"end":{"line":22,"column":15}},"loc":{"start":{"line":22,"column":38},"end":{"line":25,"column":3}},"line":22}},"branchMap":{},"s":{"0":1,"1":1,"2":1,"3":1,"4":1,"5":1,"6":1,"7":1},"f":{"0":1,"1":1},"b":{},"_coverageSchema":"1a1c01bbd47fc00a2c39e90264f33305004495a9","hash":"f519562d06f873b681ac4453fef25fb64e6aa311"}
,"/Users/benhurmartins/Desktop/react-native/TestingLibrary/src/utils/test-utils.js": {"path":"/Users/benhurmartins/Desktop/react-native/TestingLibrary/src/utils/test-utils.js","statementMap":{"0":{"start":{"line":15,"column":17},"end":{"line":17,"column":2}},"1":{"start":{"line":19,"column":17},"end":{"line":21,"column":1}},"2":{"start":{"line":20,"column":2},"end":{"line":20,"column":37}},"3":{"start":{"line":23,"column":23},"end":{"line":23,"column":45}},"4":{"start":{"line":24,"column":28},"end":{"line":30,"column":2}},"5":{"start":{"line":27,"column":35},"end":{"line":27,"column":57}},"6":{"start":{"line":28,"column":4},"end":{"line":28,"column":63}},"7":{"start":{"line":32,"column":0},"end":{"line":32,"column":29}},"8":{"start":{"line":37,"column":4},"end":{"line":37,"column":57}},"9":{"start":{"line":39,"column":2},"end":{"line":39,"column":61}}},"fnMap":{"0":{"name":"rootSaga","decl":{"start":{"line":19,"column":27},"end":{"line":19,"column":35}},"loc":{"start":{"line":19,"column":38},"end":{"line":21,"column":1}},"line":19},"1":{"name":"(anonymous_1)","decl":{"start":{"line":26,"column":14},"end":{"line":26,"column":15}},"loc":{"start":{"line":26,"column":38},"end":{"line":29,"column":3}},"line":26},"2":{"name":"render","decl":{"start":{"line":35,"column":9},"end":{"line":35,"column":15}},"loc":{"start":{"line":35,"column":64},"end":{"line":40,"column":1}},"line":35},"3":{"name":"Wrapper","decl":{"start":{"line":36,"column":11},"end":{"line":36,"column":18}},"loc":{"start":{"line":36,"column":31},"end":{"line":38,"column":3}},"line":36}},"branchMap":{"0":{"loc":{"start":{"line":35,"column":20},"end":{"line":35,"column":62}},"type":"default-arg","locations":[{"start":{"line":35,"column":60},"end":{"line":35,"column":62}}],"line":35},"1":{"loc":{"start":{"line":35,"column":21},"end":{"line":35,"column":41}},"type":"default-arg","locations":[{"start":{"line":35,"column":29},"end":{"line":35,"column":41}}],"line":35}},"s":{"0":5,"1":5,"2":5,"3":5,"4":5,"5":5,"6":5,"7":5,"8":13,"9":13},"f":{"0":5,"1":5,"2":13,"3":13},"b":{"0":[13],"1":[13]},"_coverageSchema":"1a1c01bbd47fc00a2c39e90264f33305004495a9","hash":"a50193ab4f0b546fcea42c31ce99e191da27c8b0"}
}
