TN:
SF:App.tsx
FN:7,(anonymous_0)
FNF:1
FNH:1
FNDA:1,(anonymous_0)
DA:7,1
DA:8,1
LF:2
LH:2
BRF:0
BRH:0
end_of_record
TN:
SF:src/components/Button.tsx
FN:10,(anonymous_0)
FNF:1
FNH:1
FNDA:21,(anonymous_0)
DA:10,4
DA:11,21
LF:2
LH:2
BRDA:11,0,0,21
BRDA:11,0,1,1
BRF:2
BRH:2
end_of_record
TN:
SF:src/components/Pressable.tsx
FN:10,(anonymous_0)
FN:15,(anonymous_1)
FNF:2
FNH:2
FNDA:12,(anonymous_0)
FNDA:12,(anonymous_1)
DA:10,4
DA:11,12
DA:15,12
DA:26,4
LF:4
LH:4
BRDA:14,0,0,12
BRDA:14,0,1,1
BRDA:17,1,0,0
BRDA:17,1,1,12
BRF:4
BRH:3
end_of_record
TN:
SF:src/components/TextTitle.tsx
FN:8,(anonymous_0)
FNF:1
FNH:1
FNDA:29,(anonymous_0)
DA:8,3
DA:9,29
DA:16,3
LF:3
LH:3
BRDA:10,0,0,29
BRDA:10,0,1,29
BRF:2
BRH:2
end_of_record
TN:
SF:src/components/index.ts
FNF:0
FNH:0
LF:0
LH:0
BRF:0
BRH:0
end_of_record
TN:
SF:src/redux/Numbers/Numbers.reducer.ts
FN:20,(anonymous_0)
FN:23,(anonymous_1)
FN:26,(anonymous_2)
FN:29,(anonymous_3)
FNF:4
FNH:4
FNDA:3,(anonymous_0)
FNDA:2,(anonymous_1)
FNDA:2,(anonymous_2)
FNDA:2,(anonymous_3)
DA:10,7
DA:16,7
DA:21,3
DA:24,2
DA:27,2
DA:30,2
DA:31,2
DA:41,7
LF:8
LH:8
BRF:0
BRH:0
end_of_record
TN:
SF:src/redux/Numbers/Numbers.saga.ts
FN:11,getPokemonSaga
FN:29,numbersRootSaga
FNF:2
FNH:2
FNDA:1,getPokemonSaga
FNDA:6,numbersRootSaga
DA:12,1
DA:13,1
DA:14,1
DA:15,1
DA:19,1
DA:23,1
DA:25,0
DA:30,6
LF:8
LH:7
BRF:0
BRH:0
end_of_record
TN:
SF:src/redux/Numbers/Numbers.selectors.ts
FN:3,(anonymous_0)
FN:4,(anonymous_1)
FNF:2
FNH:2
FNDA:9,(anonymous_0)
FNDA:8,(anonymous_1)
DA:3,9
DA:4,8
LF:2
LH:2
BRF:0
BRH:0
end_of_record
TN:
SF:src/screens/Home/Home.selector.ts
FNF:0
FNH:0
DA:14,2
LF:1
LH:1
BRF:0
BRH:0
end_of_record
TN:
SF:src/screens/Home/Home.tsx
FN:15,(anonymous_0)
FN:18,(anonymous_1)
FN:19,(anonymous_2)
FN:20,(anonymous_3)
FN:30,(anonymous_4)
FN:35,(anonymous_5)
FN:53,(anonymous_6)
FNF:7
FNH:7
FNDA:9,(anonymous_0)
FNDA:2,(anonymous_1)
FNDA:1,(anonymous_2)
FNDA:1,(anonymous_3)
FNDA:1,(anonymous_4)
FNDA:2,(anonymous_5)
FNDA:1,(anonymous_6)
DA:15,2
DA:16,9
DA:17,9
DA:18,9
DA:19,9
DA:20,9
DA:22,9
DA:30,1
DA:35,2
DA:53,1
DA:61,2
LF:11
LH:11
BRF:0
BRH:0
end_of_record
TN:
SF:src/store/index.ts
FN:15,rootSaga
FN:22,(anonymous_1)
FNF:2
FNH:2
FNDA:1,rootSaga
FNDA:1,(anonymous_1)
DA:11,1
DA:15,1
DA:16,1
DA:19,1
DA:20,1
DA:23,1
DA:24,1
DA:28,1
LF:8
LH:8
BRF:0
BRH:0
end_of_record
TN:
SF:src/utils/test-utils.js
FN:19,rootSaga
FN:26,(anonymous_1)
FN:35,render
FN:36,Wrapper
FNF:4
FNH:4
FNDA:5,rootSaga
FNDA:5,(anonymous_1)
FNDA:13,render
FNDA:13,Wrapper
DA:15,5
DA:19,5
DA:20,5
DA:23,5
DA:24,5
DA:27,5
DA:28,5
DA:32,5
DA:37,13
DA:39,13
LF:10
LH:10
BRDA:35,0,0,13
BRDA:35,1,0,13
BRF:2
BRH:2
end_of_record
