TN:
SF:App.tsx
FN:8,(anonymous_0)
FNF:1
FNH:1
FNDA:1,(anonymous_0)
DA:8,1
DA:9,1
LF:2
LH:2
BRF:0
BRH:0
end_of_record
TN:
SF:src/components/Button.tsx
FN:10,(anonymous_0)
FNF:1
FNH:1
FNDA:29,(anonymous_0)
DA:10,6
DA:11,29
LF:2
LH:2
BRDA:11,0,0,29
BRDA:11,0,1,1
BRF:2
BRH:2
end_of_record
TN:
SF:src/components/Pressable.tsx
FN:10,(anonymous_0)
FN:15,(anonymous_1)
FNF:2
FNH:2
FNDA:18,(anonymous_0)
FNDA:18,(anonymous_1)
DA:10,6
DA:11,18
DA:15,18
DA:26,6
LF:4
LH:4
BRDA:14,0,0,18
BRDA:14,0,1,1
BRDA:17,1,0,0
BRDA:17,1,1,18
BRF:4
BRH:3
end_of_record
TN:
SF:src/components/TextTitle.tsx
FN:8,(anonymous_0)
FNF:1
FNH:1
FNDA:45,(anonymous_0)
DA:8,5
DA:9,45
DA:16,5
LF:3
LH:3
BRDA:10,0,0,45
BRDA:10,0,1,30
BRF:2
BRH:2
end_of_record
TN:
SF:src/components/index.ts
FNF:0
FNH:0
LF:0
LH:0
BRF:0
BRH:0
end_of_record
TN:
SF:src/redux/Numbers/Numbers.reducer.ts
FN:20,(anonymous_0)
FN:23,(anonymous_1)
FN:26,(anonymous_2)
FN:29,(anonymous_3)
FNF:4
FNH:4
FNDA:4,(anonymous_0)
FNDA:2,(anonymous_1)
FNDA:3,(anonymous_2)
FNDA:3,(anonymous_3)
DA:10,9
DA:16,9
DA:21,4
DA:24,2
DA:27,3
DA:30,3
DA:31,3
DA:41,9
LF:8
LH:8
BRF:0
BRH:0
end_of_record
TN:
SF:src/redux/Numbers/Numbers.saga.ts
FN:11,getPokemonSaga
FN:29,numbersRootSaga
FNF:2
FNH:2
FNDA:2,getPokemonSaga
FNDA:8,numbersRootSaga
DA:12,2
DA:13,2
DA:14,2
DA:15,2
DA:19,2
DA:23,2
DA:25,0
DA:30,8
LF:8
LH:7
BRF:0
BRH:0
end_of_record
TN:
SF:src/redux/Numbers/Numbers.selectors.ts
FN:3,(anonymous_0)
FN:4,(anonymous_1)
FNF:2
FNH:2
FNDA:14,(anonymous_0)
FNDA:14,(anonymous_1)
DA:3,14
DA:4,14
LF:2
LH:2
BRF:0
BRH:0
end_of_record
TN:
SF:src/routes/AppNavigator.tsx
FN:9,(anonymous_0)
FNF:1
FNH:1
FNDA:3,(anonymous_0)
DA:9,2
DA:10,3
DA:11,3
LF:3
LH:3
BRF:0
BRH:0
end_of_record
TN:
SF:src/screens/Detail/Detail.selector.ts
FNF:0
FNH:0
DA:13,3
LF:1
LH:1
BRF:0
BRH:0
end_of_record
TN:
SF:src/screens/Detail/Detail.tsx
FN:11,(anonymous_0)
FN:14,(anonymous_1)
FNF:2
FNH:1
FNDA:2,(anonymous_0)
FNDA:0,(anonymous_1)
DA:11,3
DA:12,2
DA:13,2
DA:14,2
DA:16,2
DA:32,3
LF:6
LH:6
BRF:0
BRH:0
end_of_record
TN:
SF:src/screens/Home/Home.selector.ts
FNF:0
FNH:0
DA:14,3
LF:1
LH:1
BRF:0
BRH:0
end_of_record
TN:
SF:src/screens/Home/Home.tsx
FN:20,(anonymous_0)
FN:24,(anonymous_1)
FN:25,(anonymous_2)
FN:26,(anonymous_3)
FN:38,(anonymous_4)
FN:43,(anonymous_5)
FN:61,(anonymous_6)
FN:68,(anonymous_7)
FNF:8
FNH:8
FNDA:13,(anonymous_0)
FNDA:3,(anonymous_1)
FNDA:1,(anonymous_2)
FNDA:2,(anonymous_3)
FNDA:1,(anonymous_4)
FNDA:3,(anonymous_5)
FNDA:2,(anonymous_6)
FNDA:1,(anonymous_7)
DA:20,3
DA:21,13
DA:22,13
DA:23,13
DA:24,13
DA:25,13
DA:26,13
DA:28,13
DA:38,1
DA:43,3
DA:61,2
DA:68,1
DA:76,3
LF:13
LH:13
BRDA:65,0,0,2
BRDA:65,0,1,11
BRF:2
BRH:2
end_of_record
TN:
SF:src/store/index.ts
FN:15,rootSaga
FN:22,(anonymous_1)
FNF:2
FNH:2
FNDA:1,rootSaga
FNDA:1,(anonymous_1)
DA:11,1
DA:15,1
DA:16,1
DA:19,1
DA:20,1
DA:23,1
DA:24,1
DA:28,1
LF:8
LH:8
BRF:0
BRH:0
end_of_record
TN:
SF:src/utils/test-utils.js
FN:19,rootSaga
FN:26,(anonymous_1)
FN:35,render
FN:36,Wrapper
FNF:4
FNH:4
FNDA:7,rootSaga
FNDA:7,(anonymous_1)
FNDA:16,render
FNDA:16,Wrapper
DA:15,7
DA:19,7
DA:20,7
DA:23,7
DA:24,7
DA:27,7
DA:28,7
DA:32,7
DA:37,16
DA:39,16
LF:10
LH:10
BRDA:35,0,0,16
BRDA:35,1,0,16
BRF:2
BRH:2
end_of_record
